<?xml version="1.0" encoding="UTF-8"?>
<con:soapui-project id="875d3ca1-2741-4292-99a0-a6d1fdf63b1a" activeEnvironment="Default" name="Test" soapui-version="5.3.0" xmlns:con="http://eviware.com/soapui/config"><con:settings/><con:properties/><con:wssContainer/><con:oAuth2ProfileContainer/><con:oAuth1ProfileContainer/></con:soapui-project>